This is pdfTeX, Version 3.141592653-2.6-1.40.22 (TeX Live 2022/dev/Debian) (preloaded format=pdflatex 2024.12.9)  15 MAY 2025 14:36
entering extended mode
 restricted \write18 enabled.
 %&-line parsing enabled.
**paper.tex
(./paper.tex
LaTeX2e <2021-11-15> patch level 1
L3 programming layer <2022-01-21> (./juliacon.cls
(/usr/share/texlive/texmf-dist/tex/latex/psnfss/helvet.sty
Package: helvet 2020/03/25 PSNFSS-v9.3 (WaS) 

(/usr/share/texlive/texmf-dist/tex/latex/graphics/keyval.sty
Package: keyval 2014/10/28 v1.15 key=value parser (DPC)
\KV@toks@=\toks16
))
Document Class: juliacon 
(/usr/share/texlive/texmf-dist/tex/latex/base/latexsym.sty
Package: latexsym 1998/08/17 v2.2e Standard LaTeX package (lasy symbols)
\symlasy=\mathgroup4
LaTeX Font Info:    Overwriting symbol font `lasy' in version `bold'
(Font)                  U/lasy/m/n --> U/lasy/b/n on input line 52.
)
(/usr/share/texlive/texmf-dist/tex/latex/url/url.sty
\Urlmuskip=\muskip16
Package: url 2013/09/16  ver 3.4  Verb mode for urls, etc.
)
(/usr/share/texlive/texmf-dist/tex/latex/base/inputenc.sty
Package: inputenc 2021/02/14 v1.3d Input encoding file
\inpenc@prehook=\toks17
\inpenc@posthook=\toks18
)
(/usr/share/texlive/texmf-dist/tex/latex/base/fontenc.sty
Package: fontenc 2021/04/29 v2.0v Standard LaTeX package
)
\trimheight=\dimen138
\trimwidth=\dimen139
\typeheight=\dimen140
\typewidth=\dimen141
\normaltextheight=\dimen142
\blindfoliodrop=\dimen143
\tempbox=\box50
 (./journal_dat.tex)
\tempdimen=\dimen144
\normaltextheight=\dimen145
\c@secnumbookdepth=\count185
\c@theorem=\count186
\c@strategy=\count187
\c@property=\count188
\c@proposition=\count189
\c@exam=\count190
\c@part=\count191
\c@section=\count192
\c@subsection=\count193
\c@subsubsection=\count194
\c@paragraph=\count195
\c@figure=\count196
\c@table=\count197
\belowcaptionskip=\skip47
\tbbox=\box51
\tabledim=\dimen146
\@narrowfig=\dimen147
\@nfigbox=\box52
\@nfcapbox=\box53
\@abstract=\box54
\@terms=\box55
\@keywords=\box56
\bibindent=\dimen148
LaTeX Info: Redefining \cal on input line 900.

(/usr/share/texlive/texmf-dist/tex/latex/psnfss/times.sty
Package: times 2020/03/25 PSNFSS-v9.3 (SPQR) 
)
(/usr/share/texlive/texmf-dist/tex/latex/tools/bm.sty
Package: bm 2021/04/25 v1.2e Bold Symbol Support (DPC/FMi)
\symboldoperators=\mathgroup5
\symboldletters=\mathgroup6
\symboldsymbols=\mathgroup7
Package bm Info: No bold for \OMX/cmex/m/n, using \pmb.
\symboldlasy=\mathgroup8
LaTeX Font Info:    Redeclaring math alphabet \mathbf on input line 149.
LaTeX Info: Redefining \bm on input line 218.
)
(/usr/share/texlive/texmf-dist/tex/latex/graphics/graphicx.sty
Package: graphicx 2021/09/16 v1.2d Enhanced LaTeX Graphics (DPC,SPQR)

(/usr/share/texlive/texmf-dist/tex/latex/graphics/graphics.sty
Package: graphics 2021/03/04 v1.4d Standard LaTeX Graphics (DPC,SPQR)

(/usr/share/texlive/texmf-dist/tex/latex/graphics/trig.sty
Package: trig 2021/08/11 v1.11 sin cos tan (DPC)
)
(/usr/share/texlive/texmf-dist/tex/latex/graphics-cfg/graphics.cfg
File: graphics.cfg 2016/06/04 v1.11 sample graphics configuration
)
Package graphics Info: Driver file: pdftex.def on input line 107.

(/usr/share/texlive/texmf-dist/tex/latex/graphics-def/pdftex.def
File: pdftex.def 2020/10/05 v1.2a Graphics/color driver for pdftex
))
\Gin@req@height=\dimen149
\Gin@req@width=\dimen150
)
(/usr/share/texlive/texmf-dist/tex/latex/hyperref/hyperref.sty
Package: hyperref 2021-06-07 v7.00m Hypertext links for LaTeX

(/usr/share/texlive/texmf-dist/tex/generic/ltxcmds/ltxcmds.sty
Package: ltxcmds 2020-05-10 v1.25 LaTeX kernel commands for general use (HO)
)
(/usr/share/texlive/texmf-dist/tex/generic/iftex/iftex.sty
Package: iftex 2020/03/06 v1.0d TeX engine tests
)
(/usr/share/texlive/texmf-dist/tex/generic/pdftexcmds/pdftexcmds.sty
Package: pdftexcmds 2020-06-27 v0.33 Utility functions of pdfTeX for LuaTeX (HO
)

(/usr/share/texlive/texmf-dist/tex/generic/infwarerr/infwarerr.sty
Package: infwarerr 2019/12/03 v1.5 Providing info/warning/error messages (HO)
)
Package pdftexcmds Info: \pdf@primitive is available.
Package pdftexcmds Info: \pdf@ifprimitive is available.
Package pdftexcmds Info: \pdfdraftmode found.
)
(/usr/share/texlive/texmf-dist/tex/generic/kvsetkeys/kvsetkeys.sty
Package: kvsetkeys 2019/12/15 v1.18 Key value parser (HO)
)
(/usr/share/texlive/texmf-dist/tex/generic/kvdefinekeys/kvdefinekeys.sty
Package: kvdefinekeys 2019-12-19 v1.6 Define keys (HO)
)
(/usr/share/texlive/texmf-dist/tex/generic/pdfescape/pdfescape.sty
Package: pdfescape 2019/12/09 v1.15 Implements pdfTeX's escape features (HO)
)
(/usr/share/texlive/texmf-dist/tex/latex/hycolor/hycolor.sty
Package: hycolor 2020-01-27 v1.10 Color options for hyperref/bookmark (HO)
)
(/usr/share/texlive/texmf-dist/tex/latex/letltxmacro/letltxmacro.sty
Package: letltxmacro 2019/12/03 v1.6 Let assignment for LaTeX macros (HO)
)
(/usr/share/texlive/texmf-dist/tex/latex/auxhook/auxhook.sty
Package: auxhook 2019-12-17 v1.6 Hooks for auxiliary files (HO)
)
(/usr/share/texlive/texmf-dist/tex/latex/kvoptions/kvoptions.sty
Package: kvoptions 2020-10-07 v3.14 Key value format for package options (HO)
)
\@linkdim=\dimen151
\Hy@linkcounter=\count198
\Hy@pagecounter=\count199

(/usr/share/texlive/texmf-dist/tex/latex/hyperref/pd1enc.def
File: pd1enc.def 2021-06-07 v7.00m Hyperref: PDFDocEncoding definition (HO)
Now handling font encoding PD1 ...
... no UTF-8 mapping file for font encoding PD1
)
(/usr/share/texlive/texmf-dist/tex/latex/hyperref/hyperref-langpatches.def
File: hyperref-langpatches.def 2021-06-07 v7.00m Hyperref: patches for babel la
nguages
)
(/usr/share/texlive/texmf-dist/tex/generic/intcalc/intcalc.sty
Package: intcalc 2019/12/15 v1.3 Expandable calculations with integers (HO)
)
(/usr/share/texlive/texmf-dist/tex/generic/etexcmds/etexcmds.sty
Package: etexcmds 2019/12/15 v1.7 Avoid name clashes with e-TeX commands (HO)
)
\Hy@SavedSpaceFactor=\count266

(/usr/share/texlive/texmf-dist/tex/latex/hyperref/puenc.def
File: puenc.def 2021-06-07 v7.00m Hyperref: PDF Unicode definition (HO)
Now handling font encoding PU ...
... no UTF-8 mapping file for font encoding PU
)
Package hyperref Info: Hyper figures OFF on input line 4192.
Package hyperref Info: Link nesting OFF on input line 4197.
Package hyperref Info: Hyper index ON on input line 4200.
Package hyperref Info: Plain pages OFF on input line 4207.
Package hyperref Info: Backreferencing OFF on input line 4212.
Package hyperref Info: Implicit mode ON; LaTeX internals redefined.
Package hyperref Info: Bookmarks ON on input line 4445.
\c@Hy@tempcnt=\count267
LaTeX Info: Redefining \url on input line 4804.
\XeTeXLinkMargin=\dimen152

(/usr/share/texlive/texmf-dist/tex/generic/bitset/bitset.sty
Package: bitset 2019/12/09 v1.3 Handle bit-vector datatype (HO)

(/usr/share/texlive/texmf-dist/tex/generic/bigintcalc/bigintcalc.sty
Package: bigintcalc 2019/12/15 v1.5 Expandable calculations on big integers (HO
)
))
\Fld@menulength=\count268
\Field@Width=\dimen153
\Fld@charsize=\dimen154
Package hyperref Info: Hyper figures OFF on input line 6076.
Package hyperref Info: Link nesting OFF on input line 6081.
Package hyperref Info: Hyper index ON on input line 6084.
Package hyperref Info: backreferencing OFF on input line 6091.
Package hyperref Info: Link coloring OFF on input line 6096.
Package hyperref Info: Link coloring with OCG OFF on input line 6101.
Package hyperref Info: PDF/A mode OFF on input line 6106.
LaTeX Info: Redefining \ref on input line 6146.
LaTeX Info: Redefining \pageref on input line 6150.

(/usr/share/texlive/texmf-dist/tex/latex/base/atbegshi-ltx.sty
Package: atbegshi-ltx 2021/01/10 v1.0c Emulation of the original atbegshi
package with kernel methods
)
\Hy@abspage=\count269
\c@Item=\count270
\c@Hfootnote=\count271
)
Package hyperref Info: Driver (autodetected): hpdftex.

(/usr/share/texlive/texmf-dist/tex/latex/hyperref/hpdftex.def
File: hpdftex.def 2021-06-07 v7.00m Hyperref driver for pdfTeX

(/usr/share/texlive/texmf-dist/tex/latex/base/atveryend-ltx.sty
Package: atveryend-ltx 2020/08/19 v1.0a Emulation of the original atveryend pac
kage
with kernel methods
)
\Fld@listcount=\count272
\c@bookmark@seq@number=\count273

(/usr/share/texlive/texmf-dist/tex/latex/rerunfilecheck/rerunfilecheck.sty
Package: rerunfilecheck 2019/12/05 v1.9 Rerun checks for auxiliary files (HO)

(/usr/share/texlive/texmf-dist/tex/generic/uniquecounter/uniquecounter.sty
Package: uniquecounter 2019/12/15 v1.4 Provide unlimited unique counter (HO)
)
Package uniquecounter Info: New unique counter `rerunfilecheck' on input line 2
86.
)
\Hy@SectionHShift=\skip48
)
(./jlcode.sty
-- Package: `jlcode' 2.1 <2018/03/06> --
Package: jlcode 2018/03/06 2.1
(/usr/share/texlive/texmf-dist/tex/latex/listings/listings.sty
\lst@mode=\count274
\lst@gtempboxa=\box57
\lst@token=\toks19
\lst@length=\count275
\lst@currlwidth=\dimen155
\lst@column=\count276
\lst@pos=\count277
\lst@lostspace=\dimen156
\lst@width=\dimen157
\lst@newlines=\count278
\lst@lineno=\count279
\abovecaptionskip=\skip49
\belowcaptionskip=\skip50
\lst@maxwidth=\dimen158

(/usr/share/texlive/texmf-dist/tex/latex/listings/lstmisc.sty
File: lstmisc.sty 2020/03/24 1.8d (Carsten Heinz)
\c@lstnumber=\count280
\lst@skipnumbers=\count281
\lst@framebox=\box58
)
(/usr/share/texlive/texmf-dist/tex/latex/listings/listings.cfg
File: listings.cfg 2020/03/24 1.8d listings configuration
))
Package: listings 2020/03/24 1.8d (Carsten Heinz)

(/usr/share/texlive/texmf-dist/tex/latex/xcolor/xcolor.sty
Package: xcolor 2021/10/31 v2.13 LaTeX color extensions (UK)

(/usr/share/texlive/texmf-dist/tex/latex/graphics-cfg/color.cfg
File: color.cfg 2016/01/02 v1.6 sample color configuration
)
Package xcolor Info: Driver file: pdftex.def on input line 227.
Package xcolor Info: Model `cmy' substituted by `cmy0' on input line 1352.
Package xcolor Info: Model `hsb' substituted by `rgb' on input line 1356.
Package xcolor Info: Model `RGB' extended on input line 1368.
Package xcolor Info: Model `HTML' substituted by `rgb' on input line 1370.
Package xcolor Info: Model `Hsb' substituted by `hsb' on input line 1371.
Package xcolor Info: Model `tHsb' substituted by `hsb' on input line 1372.
Package xcolor Info: Model `HSB' substituted by `hsb' on input line 1373.
Package xcolor Info: Model `Gray' substituted by `gray' on input line 1374.
Package xcolor Info: Model `wave' substituted by `hsb' on input line 1375.
)
(/usr/share/texlive/texmf-dist/tex/latex/base/textcomp.sty
Package: textcomp 2020/02/02 v2.0n Standard LaTeX package
)
(/usr/share/texlive/texmf-dist/tex/latex/amsfonts/amssymb.sty
Package: amssymb 2013/01/14 v3.01 AMS font symbols

(/usr/share/texlive/texmf-dist/tex/latex/amsfonts/amsfonts.sty
Package: amsfonts 2013/01/14 v3.01 Basic AMSFonts support
\@emptytoks=\toks20
\symAMSa=\mathgroup9
\symAMSb=\mathgroup10
LaTeX Font Info:    Redeclaring math symbol \hbar on input line 98.
LaTeX Font Info:    Overwriting math alphabet `\mathfrak' in version `bold'
(Font)                  U/euf/m/n --> U/euf/b/n on input line 106.
))
(/usr/share/texlive/texmf-dist/tex/latex/eurosym/eurosym.sty
Package: eurosym 1998/08/06 v1.1 European currency symbol ``Euro''
\@eurobox=\box59
)
(/usr/share/texlive/texmf-dist/tex/latex/base/fontenc.sty
Package: fontenc 2021/04/29 v2.0v Standard LaTeX package
LaTeX Font Info:    Trying to load font information for T1+ptm on input line 11
2.

(/usr/share/texlive/texmf-dist/tex/latex/psnfss/t1ptm.fd
File: t1ptm.fd 2001/06/04 font definitions for T1/ptm.
))
(/usr/share/texlive/texmf-dist/tex/latex/tools/calc.sty
Package: calc 2017/05/25 v4.3 Infix arithmetic (KKT,FJ)
\calc@Acount=\count282
\calc@Bcount=\count283
\calc@Adimen=\dimen159
\calc@Bdimen=\dimen160
\calc@Askip=\skip51
\calc@Bskip=\skip52
LaTeX Info: Redefining \setlength on input line 80.
LaTeX Info: Redefining \addtolength on input line 81.
\calc@Ccount=\count284
\calc@Cskip=\skip53
)
\bfem=\skip54
LaTeX Font Info:    Trying to load font information for T1+cmtt on input line 4
14.

(/usr/share/texlive/texmf-dist/tex/latex/base/t1cmtt.fd
File: t1cmtt.fd 2019/12/16 v2.5j Standard LaTeX font definitions
)
\xmrgn=\skip55
)
(/usr/share/texlive/texmf-dist/tex/latex/preprint/authblk.sty
Package: authblk 2001/02/27 1.3 (PWD)
\affilsep=\skip56
\@affilsep=\skip57
\c@Maxaffil=\count285
\c@authors=\count286
\c@affil=\count287
)
(/usr/share/texlive/texmf-dist/tex/latex/caption/caption.sty
Package: caption 2020/10/26 v3.5g Customizing captions (AR)

(/usr/share/texlive/texmf-dist/tex/latex/caption/caption3.sty
Package: caption3 2020/10/21 v2.2e caption3 kernel (AR)
\captionmargin=\dimen161
\captionmargin@=\dimen162
\captionwidth=\dimen163
\caption@tempdima=\dimen164
\caption@indent=\dimen165
\caption@parindent=\dimen166
\caption@hangindent=\dimen167
Package caption Info: Unknown document class (or package),
(caption)             standard defaults will be used.
Package caption Info: \@makecaption = \long macro:#1#2->\ifx \FigName \@captype
 \vskip 7.3pt \setbox \@tempboxa \hbox {\figcaptionfont {#1}.\hskip 7.3pt\relax
 #2\par }\ifdim \wd \@tempboxa >\hsize \figcaptionfont {#1}.\hskip 7.3pt\relax 
#2\par \else \centerline {\box \@tempboxa }\fi \else \setbox \tbbox =\vbox {\hs
ize \tempdimen {\tablenumfont #1}\ {\tablecaptionfont #2\par }}\setbox \@tempbo
xa \hbox {\hsize \tempdimen {\tablenumfont #1}\ {\tablecaptionfont #2\par }\vph
antom {jgq}}\ifdim \wd \@tempboxa >\tempdimen \centerline {\box \tbbox }\else \
centerline {\box \@tempboxa }\fi \vskip \belowcaptionskip \fi  on input line 11
39.
)

Package caption Warning: Unknown document class (or package),
(caption)                standard defaults will be used.
See the caption package documentation for explanation.

\c@caption@flags=\count288
\c@continuedfloat=\count289
Package caption Info: hyperref package is loaded.
Package caption Info: listings package is loaded.
)) (/usr/share/texlive/texmf-dist/tex/latex/mathtools/mathtools.sty
Package: mathtools 2021/02/02 v1.28 mathematical typesetting tools

(/usr/share/texlive/texmf-dist/tex/latex/mathtools/mhsetup.sty
Package: mhsetup 2021/03/18 v1.4 programming setup (MH)
)
(/usr/share/texlive/texmf-dist/tex/latex/amsmath/amsmath.sty
Package: amsmath 2021/10/15 v2.17l AMS math features
\@mathmargin=\skip58

For additional information on amsmath, use the `?' option.
(/usr/share/texlive/texmf-dist/tex/latex/amsmath/amstext.sty
Package: amstext 2021/08/26 v2.01 AMS text

(/usr/share/texlive/texmf-dist/tex/latex/amsmath/amsgen.sty
File: amsgen.sty 1999/11/30 v2.0 generic functions
\@emptytoks=\toks21
\ex@=\dimen168
))
(/usr/share/texlive/texmf-dist/tex/latex/amsmath/amsbsy.sty
Package: amsbsy 1999/11/29 v1.2d Bold Symbols
LaTeX Info: Redefining \boldsymbol on input line 28.
\pmbraise@=\dimen169
)
(/usr/share/texlive/texmf-dist/tex/latex/amsmath/amsopn.sty
Package: amsopn 2021/08/26 v2.02 operator names
)
\inf@bad=\count290
LaTeX Info: Redefining \frac on input line 234.
\uproot@=\count291
\leftroot@=\count292
LaTeX Info: Redefining \overline on input line 399.
\classnum@=\count293
\DOTSCASE@=\count294
LaTeX Info: Redefining \ldots on input line 496.
LaTeX Info: Redefining \dots on input line 499.
LaTeX Info: Redefining \cdots on input line 620.
\Mathstrutbox@=\box60
\strutbox@=\box61
\big@size=\dimen170
LaTeX Font Info:    Redeclaring font encoding OML on input line 743.
LaTeX Font Info:    Redeclaring font encoding OMS on input line 744.
\macc@depth=\count295
\c@MaxMatrixCols=\count296
\dotsspace@=\muskip17
\c@parentequation=\count297
\dspbrk@lvl=\count298
\tag@help=\toks22
\row@=\count299
\column@=\count300
\maxfields@=\count301
\andhelp@=\toks23
\eqnshift@=\dimen171
\alignsep@=\dimen172
\tagshift@=\dimen173
\tagwidth@=\dimen174
\totwidth@=\dimen175
\lineht@=\dimen176
\@envbody=\toks24
\multlinegap=\skip59
\multlinetaggap=\skip60
\mathdisplay@stack=\toks25
LaTeX Info: Redefining \[ on input line 2938.
LaTeX Info: Redefining \] on input line 2939.
)
\g_MT_multlinerow_int=\count302
\l_MT_multwidth_dim=\dimen177
\origjot=\skip61
\l_MT_shortvdotswithinadjustabove_dim=\dimen178
\l_MT_shortvdotswithinadjustbelow_dim=\dimen179
\l_MT_above_intertext_sep=\dimen180
\l_MT_below_intertext_sep=\dimen181
\l_MT_above_shortintertext_sep=\dimen182
\l_MT_below_shortintertext_sep=\dimen183
\xmathstrut@box=\box62
\xmathstrut@dim=\dimen184
)
(/usr/share/texlive/texmf-dist/tex/latex/lipsum/lipsum.sty
(/usr/share/texlive/texmf-dist/tex/latex/l3packages/l3keys2e/l3keys2e.sty
(/usr/share/texlive/texmf-dist/tex/latex/l3kernel/expl3.sty
Package: expl3 2022-01-21 L3 programming layer (loader) 

(/usr/share/texlive/texmf-dist/tex/latex/l3backend/l3backend-pdftex.def
File: l3backend-pdftex.def 2022-01-12 L3 backend support: PDF output (pdfTeX)
\l__color_backend_stack_int=\count303
\l__pdf_internal_box=\box63
))
Package: l3keys2e 2022-01-12 LaTeX2e option processing using LaTeX3 keys
)
Package: lipsum 2021-09-20 v2.7 150 paragraphs of Lorem Ipsum dummy text
\g__lipsum_par_int=\count304
\l__lipsum_a_int=\count305
\l__lipsum_b_int=\count306

(/usr/share/texlive/texmf-dist/tex/latex/lipsum/lipsum.ltd.tex))
(./paper.aux)
\openout1 = `paper.aux'.

LaTeX Font Info:    Checking defaults for OML/cmm/m/it on input line 10.
LaTeX Font Info:    ... okay on input line 10.
LaTeX Font Info:    Checking defaults for OMS/cmsy/m/n on input line 10.
LaTeX Font Info:    ... okay on input line 10.
LaTeX Font Info:    Checking defaults for OT1/cmr/m/n on input line 10.
LaTeX Font Info:    ... okay on input line 10.
LaTeX Font Info:    Checking defaults for T1/cmr/m/n on input line 10.
LaTeX Font Info:    ... okay on input line 10.
LaTeX Font Info:    Checking defaults for TS1/cmr/m/n on input line 10.
LaTeX Font Info:    ... okay on input line 10.
LaTeX Font Info:    Checking defaults for OMX/cmex/m/n on input line 10.
LaTeX Font Info:    ... okay on input line 10.
LaTeX Font Info:    Checking defaults for U/cmr/m/n on input line 10.
LaTeX Font Info:    ... okay on input line 10.
LaTeX Font Info:    Checking defaults for PD1/pdf/m/n on input line 10.
LaTeX Font Info:    ... okay on input line 10.
LaTeX Font Info:    Checking defaults for PU/pdf/m/n on input line 10.
LaTeX Font Info:    ... okay on input line 10.

(/usr/share/texlive/texmf-dist/tex/context/base/mkii/supp-pdf.mkii
[Loading MPS to PDF converter (version 2006.09.02).]
\scratchcounter=\count307
\scratchdimen=\dimen185
\scratchbox=\box64
\nofMPsegments=\count308
\nofMParguments=\count309
\everyMPshowfont=\toks26
\MPscratchCnt=\count310
\MPscratchDim=\dimen186
\MPnumerator=\count311
\makeMPintoPDFobject=\count312
\everyMPtoPDFconversion=\toks27
) (/usr/share/texlive/texmf-dist/tex/latex/epstopdf-pkg/epstopdf-base.sty
Package: epstopdf-base 2020-01-24 v2.11 Base part for package epstopdf
Package epstopdf-base Info: Redefining graphics rule for `.eps' on input line 4
85.

(/usr/share/texlive/texmf-dist/tex/latex/latexconfig/epstopdf-sys.cfg
File: epstopdf-sys.cfg 2010/07/13 v1.3 Configuration of (r)epstopdf for TeX Liv
e
))
Package hyperref Info: Link coloring OFF on input line 10.

(/usr/share/texlive/texmf-dist/tex/latex/hyperref/nameref.sty
Package: nameref 2021-04-02 v2.47 Cross-referencing by name of section

(/usr/share/texlive/texmf-dist/tex/latex/refcount/refcount.sty
Package: refcount 2019/12/15 v3.6 Data extraction from label references (HO)
)
(/usr/share/texlive/texmf-dist/tex/generic/gettitlestring/gettitlestring.sty
Package: gettitlestring 2019/12/15 v1.6 Cleanup title references (HO)
)
\c@section@level=\count313
)
LaTeX Info: Redefining \ref on input line 10.
LaTeX Info: Redefining \pageref on input line 10.
LaTeX Info: Redefining \nameref on input line 10.

(./paper.out) (./paper.out)
\@outlinefile=\write3
\openout3 = `paper.out'.

\c@lstlisting=\count314
Package caption Info: Begin \AtBeginDocument code.
Package caption Info: End \AtBeginDocument code.
 (./header.tex)
<logojuliacon.pdf, id=100, 430.91032pt x 145.96547pt>
File: logojuliacon.pdf Graphic file (type pdf)
<use logojuliacon.pdf>
Package pdftex.def Info: logojuliacon.pdf  used on input line 24.
(pdftex.def)             Requested size: 72.26999pt x 24.4797pt.
LaTeX Font Info:    Trying to load font information for U+lasy on input line 24
.

(/usr/share/texlive/texmf-dist/tex/latex/base/ulasy.fd
File: ulasy.fd 1998/08/17 v2.2e LaTeX symbol font definitions
)
LaTeX Font Info:    Trying to load font information for U+msa on input line 24.


(/usr/share/texlive/texmf-dist/tex/latex/amsfonts/umsa.fd
File: umsa.fd 2013/01/14 v3.01 AMS symbols A
)
LaTeX Font Info:    Trying to load font information for U+msb on input line 24.


(/usr/share/texlive/texmf-dist/tex/latex/amsfonts/umsb.fd
File: umsb.fd 2013/01/14 v3.01 AMS symbols B
)
LaTeX Font Info:    Font shape `U/lasy/b/n' in size <8> not available
(Font)              Font shape `U/lasy/m/n' tried instead on input line 24.
LaTeX Font Info:    Font shape `U/lasy/b/n' in size <6> not available
(Font)              Font shape `U/lasy/m/n' tried instead on input line 24.


Package hyperref Warning: old toc file detected, not used; run LaTeX again.

\tf@toc=\write4
\openout4 = `paper.toc'.


LaTeX Warning: Citation `BWW90' on page 1 undefined on input line 58.


LaTeX Warning: Citation `IBM:RJ7100' on page 1 undefined on input line 58.


LaTeX Warning: Citation `Paoluzzi2003a' on page 1 undefined on input line 58.


LaTeX Warning: Citation `BEKS14' on page 1 undefined on input line 58.


LaTeX Warning: Citation `Plasm:book:2005' on page 1 undefined on input line 58.



LaTeX Warning: Citation `DBLP:journals/cad/DiCarloPS14' on page 1 undefined on 
input line 63.


LaTeX Warning: Citation `TSAS:2020' on page 1 undefined on input line 63.


LaTeX Warning: Citation `PAOLUZZI2023103436' on page 1 undefined on input line 
63.

LaTeX Font Info:    Font shape `U/lasy/b/n' in size <9> not available
(Font)              Font shape `U/lasy/m/n' tried instead on input line 65.
LaTeX Font Info:    Font shape `U/lasy/b/n' in size <5> not available
(Font)              Font shape `U/lasy/m/n' tried instead on input line 65.

Underfull \vbox (badness 1210) has occurred while \output is active []


Underfull \hbox (badness 10000) has occurred while \output is active
  
 []

[1{/var/lib/texmf/fonts/map/pdftex/updmap/pdftex.map}
Non-PDF special ignored!
<special> papersize=8.5in,11in


 <./logojuliacon.pdf>]
! Missing endcsname inserted.
<to be read again> 
                   hss 
l.104 \includegraphics
                      [width=\textwidth]{figs/cuboid}
The control sequence marked <to be read again> should
not appear between \csname and \endcsname.

! Use of ??? doesn't match its definition.
<argument> ???  
                ! LaTeX3 Error: hss invalid in file name. Lost: .
l.104 \includegraphics
                      [width=\textwidth]{figs/cuboid}
If you say, e.g., `\def\a1{...}', then you must always
put `1' after `\a', since control sequence names are
made up of letters only. The macro here has not been
followed by the required stuff, so I'm ignoring it.

! Missing endcsname inserted.
<to be read again> 
                   hss 
l.104 \includegraphics
                      [width=\textwidth]{figs/cuboid}
The control sequence marked <to be read again> should
not appear between \csname and \endcsname.

! Use of ??? doesn't match its definition.
<argument> ???  
                ! LaTeX3 Error: hss invalid in file name. Lost: .
l.104 \includegraphics
                      [width=\textwidth]{figs/cuboid}
If you say, e.g., `\def\a1{...}', then you must always
put `1' after `\a', since control sequence names are
made up of letters only. The macro here has not been
followed by the required stuff, so I'm ignoring it.

! Missing endcsname inserted.
<to be read again> 
                   hss 
l.104 \includegraphics
                      [width=\textwidth]{figs/cuboid}
The control sequence marked <to be read again> should
not appear between \csname and \endcsname.

! Use of ??? doesn't match its definition.
<argument> ???  
                ! LaTeX3 Error: hss invalid in file name. Lost: .
l.104 \includegraphics
                      [width=\textwidth]{figs/cuboid}
If you say, e.g., `\def\a1{...}', then you must always
put `1' after `\a', since control sequence names are
made up of letters only. The macro here has not been
followed by the required stuff, so I'm ignoring it.


! LaTeX Error: File `\hss ' not found.

See the LaTeX manual or LaTeX Companion for explanation.
Type  H <return>  for immediate help.
 ...                                              
                                                  
l.104 \includegraphics
                      [width=\textwidth]{figs/cuboid}
I could not locate the file with any of these extensions:
.pdf,.png,.jpg,.mps,.jpeg,.jbig2,.jb2,.PDF,.PNG,.JPG,.JPEG,.JBIG2,.JB2,.eps
Try typing  <return>  to proceed.
If that doesn't work, type  X <return>  to quit.

! Missing number, treated as zero.
<to be read again> 
                   ]
l.104 \includegraphics[width=\textwidth]
                                        {figs/cuboid}
A number should have been here; I inserted `0'.
(If you can't figure out why I needed to see a number,
look up `weird error' in the index to The TeXbook.)

! Illegal unit of measure (pt inserted).
<to be read again> 
                   ]
l.104 \includegraphics[width=\textwidth]
                                        {figs/cuboid}
Dimensions can be in units of em, ex, in, pt, pc,
cm, mm, dd, cc, nd, nc, bp, or sp; but yours is a new one!
I'll assume that you meant to say pt, for printer's points.
To recover gracefully from this error, it's best to
delete the erroneous units; e.g., type `2' to delete
two letters. (See Chapter 27 of The TeXbook.)

Package hyperref Info: bookmark level for unknown lstlisting defaults to 0 on i
nput line 115.
LaTeX Font Info:    Font shape `T1/cmtt/bx/n' in size <7> not available
(Font)              Font shape `T1/cmtt/m/n' tried instead on input line 131.

Overfull \hbox (5.64001pt too wide) in paragraph at lines 134--135
[][][][][][][][][][][][][][][][][][][][][][][][][][][][][][][][][][][][][][][][
][][][][][][][][][][][] 
 []

<figs/stair2.pdf, id=115, 638.385pt x 608.2725pt>
File: figs/stair2.pdf Graphic file (type pdf)
<use figs/stair2.pdf>
Package pdftex.def Info: figs/stair2.pdf  used on input line 140.
(pdftex.def)             Requested size: 84.00146pt x 80.0342pt.
LaTeX Font Info:    Font shape `U/lasy/b/n' in size <7> not available
(Font)              Font shape `U/lasy/m/n' tried instead on input line 153.

Overfull \vbox (2.39996pt too high) has occurred while \output is active []


Underfull \hbox (badness 10000) has occurred while \output is active
  \T1/ptm/m/n/9 2
 []

[2 <./figs/stair2.pdf>]
<figs/3-cubes.pdf, id=160, 1227.58624pt x 411.5375pt>
File: figs/3-cubes.pdf Graphic file (type pdf)
<use figs/3-cubes.pdf>
Package pdftex.def Info: figs/3-cubes.pdf  used on input line 170.
(pdftex.def)             Requested size: 240.0pt x 80.45357pt.


LaTeX Warning: Reference `fig:octahedron' on page 3 undefined on input line 180
.


Overfull \hbox (0.91617pt too wide) in paragraph at lines 187--188
[][][][][][][][][][][][][][][][][][][][][][][][][][][][][][][][][][][][][][] 
 []


Overfull \hbox (0.91617pt too wide) in paragraph at lines 190--191
[][][][][][][][][][][][][][][][][][][][][][][][][][][][][][][][][][][][][][][] 

 []

<figs/octahedron.pdf, id=161, 480.79625pt x 455.7025pt>
File: figs/octahedron.pdf Graphic file (type pdf)
<use figs/octahedron.pdf>
Package pdftex.def Info: figs/octahedron.pdf  used on input line 193.
(pdftex.def)             Requested size: 120.0pt x 113.7376pt.

LaTeX Warning: Reference `sect:7:4:3' on page 3 undefined on input line 194.


LaTeX Warning: Reference `sect:7:4:3' on page 3 undefined on input line 194.


Underfull \hbox (badness 10000) in paragraph at lines 194--194
[]\T1/ptm/m/n/8 Fig. 4: |The \T1/cmtt/m/n/8 octahedron \T1/ptm/m/n/8 ob-ject's 
atoms ex-plosed. No-tice that
 []


Underfull \hbox (badness 1735) in paragraph at lines 194--194
\T1/cmtt/m/n/8 VIEWCOMPLEX \T1/ptm/m/n/8 ap-plies to \T1/cmtt/m/n/8 Lar \T1/ptm
/m/n/8 val-ues. The four atoms of the \T1/cmtt/m/n/8 BOOL
 []

<figs/shearing3D.pdf, id=162, 388.45125pt x 370.38374pt>
File: figs/shearing3D.pdf Graphic file (type pdf)
<use figs/shearing3D.pdf>
Package pdftex.def Info: figs/shearing3D.pdf  used on input line 207.
(pdftex.def)             Requested size: 120.0pt x 114.4165pt.

LaTeX Warning: Citation `Requicha:80' on page 3 undefined on input line 221.


LaTeX Warning: Reference `ex:build1D' on page 3 undefined on input line 238.

<figs/four-grids.pdf, id=163, 1833.85126pt x 455.7025pt>
File: figs/four-grids.pdf Graphic file (type pdf)
<use figs/four-grids.pdf>
Package pdftex.def Info: figs/four-grids.pdf  used on input line 240.
(pdftex.def)             Requested size: 240.0pt x 59.63278pt.

Overfull \vbox (2.39996pt too high) has occurred while \output is active []


Underfull \hbox (badness 10000) has occurred while \output is active
  \T1/ptm/m/n/9 3
 []

[3 <./figs/3-cubes.pdf> <./figs/octahedron.pdf> <./figs/shearing3D.pdf> <./figs
/four-grids.pdf>]
Overfull \hbox (0.91617pt too wide) in paragraph at lines 254--255
[][][][][][][][][][][][][][][][][][][][][][][][][][][][][][][][][][][][][] 
 []


Overfull \hbox (5.64001pt too wide) in paragraph at lines 255--256
[][][][][][][][][][][][][][][][][][][][][][][][][][][][][][][][][][][][][][][][
][][][][][][][][][][][][] 
 []


Overfull \hbox (5.64001pt too wide) in paragraph at lines 256--257
[][][][][][][][][][][][][][][][][][][][][][][][][][][][][][][][][][][][][][][][
][][][][][][][][][][][][][][][][] 
 []


Overfull \hbox (5.64001pt too wide) in paragraph at lines 257--258
[][][][][][][][][][][][][][][][][][][][][][][][][][][][][][][][][][][][][][][][
][][][][][][][][][][][][][][][] 
 []


Overfull \hbox (5.64001pt too wide) in paragraph at lines 258--259
[][][][][][][][][][][][][][][][][][][][][][][][][][][][][][][][][][][][][][][][
][][][][][][][][][][][][][][][] 
 []


Overfull \hbox (5.64001pt too wide) in paragraph at lines 259--260
[][][][][][][][][][][][][][][][][][][][][][][][][][][][][][][][][][][][][][][][
][][][][][][][][][][][][][][][] 
 []

<figs/grid.pdf, id=214, 929.4725pt x 333.245pt>
File: figs/grid.pdf Graphic file (type pdf)
<use figs/grid.pdf>
Package pdftex.def Info: figs/grid.pdf  used on input line 262.
(pdftex.def)             Requested size: 180.0pt x 64.53249pt.

LaTeX Warning: Reference `grid' on page 4 undefined on input line 266.


LaTeX Warning: Reference `fig:tetgen2' on page 4 undefined on input line 271.

<figs/simplex-extrude.pdf, id=215, 910.40125pt x 529.98pt>
File: figs/simplex-extrude.pdf Graphic file (type pdf)
<use figs/simplex-extrude.pdf>
Package pdftex.def Info: figs/simplex-extrude.pdf  used on input line 275.
(pdftex.def)             Requested size: 120.0pt x 69.85405pt.
<figs/half-cube-sk.pdf, id=216, 850.17625pt x 370.38374pt>
File: figs/half-cube-sk.pdf Graphic file (type pdf)
<use figs/half-cube-sk.pdf>
Package pdftex.def Info: figs/half-cube-sk.pdf  used on input line 276.
(pdftex.def)             Requested size: 119.99681pt x 70.31712pt.

Overfull \hbox (48.15463pt too wide) in paragraph at lines 288--289
[][][][][][][][][][][][][][][][][][][][][][][][][][][][][][][][][][][][][][][][
][][][][][][][][][][][][][][][][][][][][][][][][][][][] 
 []


Overfull \hbox (19.81155pt too wide) in paragraph at lines 289--290
[][][][][][][][][][][][][][][][][][][][][][][][][][][][][][][][][][][][][][][][
][][][][][][][][][][][][][][][][][][][][] 
 []

<figs/multi-extrusion-02.pdf, id=217, 768.8725pt x 441.65pt>
File: figs/multi-extrusion-02.pdf Graphic file (type pdf)
<use figs/multi-extrusion-02.pdf>
Package pdftex.def Info: figs/multi-extrusion-02.pdf  used on input line 299.
(pdftex.def)             Requested size: 240.0pt x 137.86028pt.
<figs/3Dgrid.pdf, id=218, 512.91624pt x 351.3125pt>
File: figs/3Dgrid.pdf Graphic file (type pdf)
<use figs/3Dgrid.pdf>
Package pdftex.def Info: figs/3Dgrid.pdf  used on input line 321.
(pdftex.def)             Requested size: 240.0pt x 164.38249pt.

LaTeX Warning: Citation `CATTANI1990130' on page 4 undefined on input line 329.



Overfull \vbox (2.39996pt too high) has occurred while \output is active []


Underfull \hbox (badness 10000) has occurred while \output is active
  \T1/ptm/m/n/9 4
 []

[4 <./figs/grid.pdf> <./figs/simplex-extrude.pdf> <./figs/half-cube-sk.pdf> <./
figs/multi-extrusion-02.pdf> <./figs/3Dgrid.pdf>]
Underfull \hbox (badness 3482) in paragraph at lines 350--350
[]\T1/ptm/m/n/9 Code 12: |Sim-ple test ex-am-ples of the in-te-gra-tion mod-ule

 []

LaTeX Font Info:    Trying to load font information for TS1+cmtt on input line 
354.
(/usr/share/texlive/texmf-dist/tex/latex/base/ts1cmtt.fd
File: ts1cmtt.fd 2019/12/16 v2.5j Standard LaTeX font definitions
)
Overfull \hbox (0.91617pt too wide) in paragraph at lines 355--356
[][][][][][][][][][][][][][][][][][][][][][][][][][][][][][][][][][][][][][][][
][][][][][][][][][][][] 
 []


LaTeX Warning: Reference `' on page 5 undefined on input line 381.


Overfull \hbox (5.64001pt too wide) in paragraph at lines 384--385
[][][][][][][][][][][][][][][][][][][][][][][][][][][][][][][][][][][][][][][][
][][][][][][][][][][][][][][] 
 []


Overfull \hbox (5.64001pt too wide) in paragraph at lines 400--401
[][][][][][][][][][][][][][][][][][][][][][][][][][][][][] 
 []


LaTeX Warning: Citation `Paoluzzi2003a' on page 5 undefined on input line 403.

<figs/splinecurves.pdf, id=274, 1247.66125pt x 572.1375pt>
File: figs/splinecurves.pdf Graphic file (type pdf)
<use figs/splinecurves.pdf>
Package pdftex.def Info: figs/splinecurves.pdf  used on input line 407.
(pdftex.def)             Requested size: 240.0pt x 110.05168pt.

Overfull \hbox (0.91617pt too wide) in paragraph at lines 422--423
[][][][][][][][][][][][][][][][][][][][][][][][][][][] 
 []


LaTeX Warning: Citation `Paoluzzi2003a' on page 5 undefined on input line 428.

<figs/transfinite.pdf, id=275, 1315.41437pt x 533.995pt>
File: figs/transfinite.pdf Graphic file (type pdf)
<use figs/transfinite.pdf>
Package pdftex.def Info: figs/transfinite.pdf  used on input line 432.
(pdftex.def)             Requested size: 240.0pt x 97.42679pt.

LaTeX Warning: Reference `fig:houseoffset' on page 5 undefined on input line 44
2.


Overfull \vbox (2.39996pt too high) has occurred while \output is active []


Underfull \hbox (badness 10000) has occurred while \output is active
  \T1/ptm/m/n/9 5
 []

[5 <./figs/splinecurves.pdf>]
<figs/offset.pdf, id=329, 1414.28375pt x 639.38875pt>
File: figs/offset.pdf Graphic file (type pdf)
<use figs/offset.pdf>
Package pdftex.def Info: figs/offset.pdf  used on input line 461.
(pdftex.def)             Requested size: 240.0pt x 108.49951pt.
<figs/temples.pdf, id=330, 1128.215pt x 1177.39874pt>
File: figs/temples.pdf Graphic file (type pdf)
<use figs/temples.pdf>
Package pdftex.def Info: figs/temples.pdf  used on input line 474.
(pdftex.def)             Requested size: 120.0pt x 125.22047pt.

Underfull \hbox (badness 1838) in paragraph at lines 494--495
\T1/ptm/m/n/9 multi-platform li-brary for de-vel-op-ing OpenGL, OpenGL ES,
 []


Overfull \vbox (2.39996pt too high) has occurred while \output is active []


Underfull \hbox (badness 10000) has occurred while \output is active
  \T1/ptm/m/n/9 6
 []

[6 <./figs/transfinite.pdf> <./figs/offset.pdf> <./figs/temples.pdf>]

LaTeX Warning: Citation `JUP' on page 7 undefined on input line 502.


LaTeX Warning: Citation `UP20' on page 7 undefined on input line 502.

<figs/two-Lar.pdf, id=363, 1672.2475pt x 337.26pt>
File: figs/two-Lar.pdf Graphic file (type pdf)
<use figs/two-Lar.pdf>
Package pdftex.def Info: figs/two-Lar.pdf  used on input line 517.
(pdftex.def)             Requested size: 240.0pt x 48.39969pt.

LaTeX Warning: Reference `' on page 7 undefined on input line 518.


LaTeX Warning: Reference `' on page 7 undefined on input line 518.


LaTeX Warning: Citation `Paoluzzi2003a' on page 7 undefined on input line 523.


LaTeX Warning: Citation `mathworks-ply-format' on page 7 undefined on input lin
e 532.


LaTeX Warning: Citation `Plasm:book:2005' on page 7 undefined on input line 542
.


LaTeX Warning: Citation `TSAS:2020' on page 7 undefined on input line 544.


Underfull \vbox (badness 2229) has occurred while \output is active []


Overfull \vbox (2.39996pt too high) has occurred while \output is active []


Underfull \hbox (badness 10000) has occurred while \output is active
  \T1/ptm/m/n/9 7
 []

[7 <./figs/two-Lar.pdf>]

LaTeX Warning: Reference `fig:6:4:arrange2d' on page 8 undefined on input line 
610.

<figs/arrange2d.pdf, id=375, 1089.06876pt x 519.9425pt>
File: figs/arrange2d.pdf Graphic file (type pdf)
<use figs/arrange2d.pdf>
Package pdftex.def Info: figs/arrange2d.pdf  used on input line 612.
(pdftex.def)             Requested size: 240.0pt x 114.57811pt.

Underfull \hbox (badness 2027) in paragraph at lines 618--619
[]\T1/ptm/m/n/9 Similar test ex-am-ples were de-vel-oped for im-ple-ment-ing th
e
 []

<figs/arrange3d.pdf, id=376, 1283.79625pt x 562.1pt>
File: figs/arrange3d.pdf Graphic file (type pdf)
<use figs/arrange3d.pdf>
Package pdftex.def Info: figs/arrange3d.pdf  used on input line 621.
(pdftex.def)             Requested size: 240.0pt x 105.07614pt.
<figs/bubbles.pdf, id=377, 1022.82124pt x 584.1825pt>
File: figs/bubbles.pdf Graphic file (type pdf)
<use figs/bubbles.pdf>
Package pdftex.def Info: figs/bubbles.pdf  used on input line 639.
(pdftex.def)             Requested size: 240.0pt x 137.06897pt.

LaTeX Warning: Reference `fig:twocubes2' on page 8 undefined on input line 662.



Overfull \vbox (2.39996pt too high) has occurred while \output is active []


Underfull \hbox (badness 10000) has occurred while \output is active
  \T1/ptm/m/n/9 8
 []

[8 <./figs/arrange2d.pdf> <./figs/arrange3d.pdf> <./figs/bubbles.pdf>]
Underfull \hbox (badness 10000) in paragraph at lines 676--677
[]\T1/ptm/m/it/9 There
 []


LaTeX Warning: Reference `ex:bool-expression-1' on page 9 undefined on input li
ne 689.


LaTeX Warning: Reference `ex:bool-expression' on page 9 undefined on input line
 693.


LaTeX Warning: Reference `ex:7:5:Booleanfunction' on page 9 undefined on input 
line 694.


LaTeX Warning: Reference `fig:7:5:allatoms' on page 9 undefined on input line 6
95.


LaTeX Warning: Reference `ex:7:5:2.4' on page 9 undefined on input line 696.


LaTeX Warning: Reference `ex:7:5:2:5' on page 9 undefined on input line 697.


! LaTeX Error: \begin{document} ended by \end{algorithm}.

See the LaTeX manual or LaTeX Companion for explanation.
Type  H <return>  for immediate help.
 ...                                              
                                                  
l.700 \end{algorithm}
                     
Your command was ignored.
Type  I <command> <return>  to replace it with another command,
or  <return>  to continue without it.

! Extra \endgroup.
<recently read> \endgroup 
                          
l.700 \end{algorithm}
                     
Things are pretty mixed up, but I think the worst is over.


LaTeX Warning: Reference `fig:mech-2-diff' on page 9 undefined on input line 70
2.


LaTeX Warning: Reference `fig:mech-2-union' on page 9 undefined on input line 7
02.


LaTeX Warning: Reference `fig:mech-2-diff' on page 9 undefined on input line 70
6.


LaTeX Warning: Reference `fig:mech-2-union' on page 9 undefined on input line 7
20.



pdfTeX warning: pdflatex (file ./figs/difference.pdf): PDF inclusion: found PDF
 version <1.6>, but at most version <1.5> allowed
<figs/difference.pdf, id=409, 1583.99776pt x 491.86761pt>
File: figs/difference.pdf Graphic file (type pdf)
<use figs/difference.pdf>
Package pdftex.def Info: figs/difference.pdf  used on input line 730.
(pdftex.def)             Requested size: 478.79846pt x 148.6797pt.

LaTeX Warning: `h' float specifier changed to `ht'.

<figs/threecubes.pdf, id=410, 1694.33pt x 620.3175pt>
File: figs/threecubes.pdf Graphic file (type pdf)
<use figs/threecubes.pdf>
Package pdftex.def Info: figs/threecubes.pdf  used on input line 737.
(pdftex.def)             Requested size: 227.99927pt x 83.47421pt.

LaTeX Warning: `h' float specifier changed to `ht'.

(./paper.bbl
Underfull \hbox (badness 1242) in paragraph at lines 27--31
[]\T1/ptm/m/n/9 Antonio Di-Carlo, Al-berto Paoluzzi, and Vadim Shapiro.
 []


Underfull \hbox (badness 10000) in paragraph at lines 27--31
\T1/ptm/m/n/9 Lin-ear al-ge-braic rep-re-sen-ta-tion for topo-log-i-cal struc-
 []


Underfull \hbox (badness 10000) in paragraph at lines 27--31
\T1/ptm/m/n/9 tures. \T1/ptm/m/it/9 Computer-Aided De-sign\T1/ptm/m/n/9 , 46:26
9--274, 2014.
 []


Underfull \hbox (badness 10000) in paragraph at lines 45--50
[]\T1/ptm/m/n/9 Alberto Paoluzzi, Vadim Shapiro, An-to-nio Di-Carlo,
 []


Underfull \hbox (badness 1365) in paragraph at lines 45--50
\T1/ptm/m/n/9 Topo-log-i-cal com-put-ing of ar-range-ments with (co)chains.
 []


Underfull \hbox (badness 10000) in paragraph at lines 52--57
[]\T1/ptm/m/n/9 Alberto Paoluzzi, Vadim Shapiro, An-to-nio Di-
 []


Underfull \hbox (badness 5548) in paragraph at lines 52--57
\T1/ptm/m/n/9 Carlo, Gior-gio Scorzelli, and Elia Onofri. Fi-nite al-
 []


Underfull \hbox (badness 10000) in paragraph at lines 52--57
\T1/ptm/m/n/9 ge-bras for solid mod-el-ing us-ing ju-lias sparse ar-
 []


Underfull \hbox (badness 10000) in paragraph at lines 52--57
\T1/ptm/m/n/9 rays. \T1/ptm/m/it/9 Computer-Aided De-sign\T1/ptm/m/n/9 , 155:10
3436, 2023.
 []


Overfull \vbox (2.39996pt too high) has occurred while \output is active []


Underfull \hbox (badness 10000) has occurred while \output is active
  \T1/ptm/m/n/9 9
 []

[9]
Underfull \hbox (badness 5548) in paragraph at lines 72--76
[]\T1/ptm/m/n/9 The Math-Works, Inc. The ply for-mat. []$\T1/cmtt/m/n/9 https :
 / / de .
 []


Underfull \hbox (badness 10000) in paragraph at lines 72--76
\T1/cmtt/m/n/9 mathworks . com / help / vision / ug / the-[]ply-[]format .
 []

)

LaTeX Warning: Reference `fig:cad25' on page 10 undefined on input line 756.

<figs/cad25-building.pdf, id=457, 1024.82875pt x 1072.005pt>
File: figs/cad25-building.pdf Graphic file (type pdf)
<use figs/cad25-building.pdf>
Package pdftex.def Info: figs/cad25-building.pdf  used on input line 759.
(pdftex.def)             Requested size: 240.0pt x 251.0379pt.
LaTeX Font Info:    Trying to load font information for T1+phv on input line 76
0.
(/usr/share/texlive/texmf-dist/tex/latex/psnfss/t1phv.fd
File: t1phv.fd 2020/03/25 scalable font definitions for T1/phv.
)
LaTeX Font Info:    Font shape `T1/phv/m/n' will be
(Font)              scaled to size 7.35999pt on input line 760.


LaTeX Warning: Reference `fig:plasmcode' on page 10 undefined on input line 760
.


LaTeX Warning: Reference `fig:plasmcode' on page 10 undefined on input line 760
.

<figs/building-2.pdf, id=458, 752.8125pt x 385.44pt>
File: figs/building-2.pdf Graphic file (type pdf)
<use figs/building-2.pdf>
Package pdftex.def Info: figs/building-2.pdf  used on input line 766.
(pdftex.def)             Requested size: 240.0pt x 122.8787pt.

LaTeX Warning: Reference `fig:images' on page 10 undefined on input line 767.


LaTeX Warning: Reference `fig:images' on page 10 undefined on input line 767.

! You can't use `\vadjust' in vertical mode.
l.772 \vadjust
              {\vfill\pagebreak}
Sorry, but I'm not programmed to handle this case;
I'll just pretend that you didn't ask for it.
If you're in the wrong mode, you might be able to
return to the right one by typing `I}' or `I$' or `I\par'.


Overfull \vbox (2.39996pt too high) has occurred while \output is active []


Underfull \hbox (badness 10000) has occurred while \output is active
  \T1/ptm/m/n/9 10
 []

[10 <./figs/difference.pdf> <./figs/threecubes.pdf> <./figs/cad25-building.pdf>
]
Overfull \vbox (2.39996pt too high) has occurred while \output is active []


Underfull \hbox (badness 10000) has occurred while \output is active
  \T1/ptm/m/n/9 11
 []

[11

 <./figs/building-2.pdf>] (./paper.aux)

LaTeX Warning: There were undefined references.


LaTeX Warning: Label(s) may have changed. Rerun to get cross-references right.


Package rerunfilecheck Warning: File `paper.out' has changed.
(rerunfilecheck)                Rerun to get outlines right
(rerunfilecheck)                or use package `bookmark'.

Package rerunfilecheck Info: Checksums for `paper.out':
(rerunfilecheck)             Before: 088D9FC8EB957CB31C3D8340BCD23AEA;4655
(rerunfilecheck)             After:  6216CC2EBA72F31C9D1B3876CE890A50;4561.
 ) 
Here is how much of TeX's memory you used:
 16054 strings out of 480171
 250403 string characters out of 5894489
 737581 words of memory out of 5000000
 33497 multiletter control sequences out of 15000+600000
 535944 words of font info for 144 fonts, out of 8000000 for 9000
 59 hyphenation exceptions out of 8191
 75i,12n,79p,1111b,2234s stack positions out of 5000i,500n,10000p,200000b,80000s
pdfTeX warning (dest): name{section.7} has been referenced but does not exist
, replaced by a fixed one

{/usr/share/texlive/texmf-dist/fonts/enc/dvips/base/8r.enc} </home/scrgiorgio/.
texlive2021/texmf-var/fonts/pk/ljfour/jknappen/ec/tctt0800.525pk> </home/scrgio
rgio/.texlive2021/texmf-var/fonts/pk/ljfour/jknappen/ec/ectt0800.525pk> </home/
scrgiorgio/.texlive2021/texmf-var/fonts/pk/ljfour/jknappen/ec/ectt0800.600pk> <
/home/scrgiorgio/.texlive2021/texmf-var/fonts/pk/ljfour/jknappen/ec/ectt0900.60
0pk></usr/share/texlive/texmf-dist/fonts/type1/public/amsfonts/cm/cmmi6.pfb></u
sr/share/texlive/texmf-dist/fonts/type1/public/amsfonts/cm/cmmi7.pfb></usr/shar
e/texlive/texmf-dist/fonts/type1/public/amsfonts/cm/cmmi8.pfb></usr/share/texli
ve/texmf-dist/fonts/type1/public/amsfonts/cm/cmmi9.pfb></usr/share/texlive/texm
f-dist/fonts/type1/public/amsfonts/cm/cmr5.pfb></usr/share/texlive/texmf-dist/f
onts/type1/public/amsfonts/cm/cmr6.pfb></usr/share/texlive/texmf-dist/fonts/typ
e1/public/amsfonts/cm/cmr9.pfb></usr/share/texlive/texmf-dist/fonts/type1/publi
c/amsfonts/cm/cmsy10.pfb></usr/share/texlive/texmf-dist/fonts/type1/public/amsf
onts/cm/cmtt8.pfb></usr/share/texlive/texmf-dist/fonts/type1/public/amsfonts/cm
/cmtt9.pfb></usr/share/texlive/texmf-dist/fonts/type1/public/amsfonts/latxfont/
lcircle1.pfb></usr/share/texlive/texmf-dist/fonts/type1/public/amsfonts/symbols
/msbm10.pfb></usr/share/texlive/texmf-dist/fonts/type1/urw/helvetic/uhvr8a.pfb>
</usr/share/texlive/texmf-dist/fonts/type1/urw/times/utmb8a.pfb></usr/share/tex
live/texmf-dist/fonts/type1/urw/times/utmbi8a.pfb></usr/share/texlive/texmf-dis
t/fonts/type1/urw/times/utmr8a.pfb></usr/share/texlive/texmf-dist/fonts/type1/u
rw/times/utmri8a.pfb>
Output written on paper.pdf (11 pages, 7029327 bytes).
PDF statistics:
 826 PDF objects out of 1000 (max. 8388607)
 500 compressed objects within 5 object streams
 228 named destinations out of 1000 (max. 500000)
 308 words of extra memory for PDF output out of 10000 (max. 10000000)

